<?xml version="1.0" encoding="UTF-8"?>
<testsuite name="songmanager.console.models.JSONSongStorageTest" tests="1" skipped="0" failures="0" errors="0" timestamp="2022-10-03T09:23:53" hostname="LAPTOP-7V9VTHBD" time="0.037">
  <properties/>
  <testcase name="create()" classname="songmanager.console.models.JSONSongStorageTest" time="0.037"/>
  <system-out><![CDATA[]]></system-out>
  <system-err><![CDATA[]]></system-err>
</testsuite>
